\BOOKMARK [0][-]{chapter.1}{Introduction}{}% 1
\BOOKMARK [0][-]{chapter.2}{End-To-End Representation Learning}{}% 2
\BOOKMARK [1][-]{section.2.1}{Domain Adaptation and Zero-Shot Learning}{chapter.2}% 3
\BOOKMARK [0][-]{chapter.3}{Related Work}{}% 4
\BOOKMARK [1][-]{section.3.1}{Structured Prediction with Constraints}{chapter.3}% 5
\BOOKMARK [1][-]{section.3.2}{Semi-Supervised Methods for Parsing}{chapter.3}% 6
\BOOKMARK [1][-]{section.3.3}{Structural Properties of Dependency Structures}{chapter.3}% 7
\BOOKMARK [0][-]{chapter.4}{Deep K-Means++ Learning}{}% 8
\BOOKMARK [1][-]{section.4.1}{Our Algorithm}{chapter.4}% 9
\BOOKMARK [1][-]{section.4.2}{Differentiable K-Means Clustering}{chapter.4}% 10
\BOOKMARK [2][-]{subsection.4.2.1}{The K-Means Objective}{section.4.2}% 11
\BOOKMARK [2][-]{subsection.4.2.2}{Differentiable K-Means Iterations}{section.4.2}% 12
\BOOKMARK [1][-]{section.4.3}{Differentiable Centroid Sampling}{chapter.4}% 13
\BOOKMARK [2][-]{subsection.4.3.1}{Gumbel-Softmax Sampling}{section.4.3}% 14
\BOOKMARK [0][-]{chapter.5}{Experiments}{}% 15
\BOOKMARK [1][-]{section.5.1}{Experiments with synthetic data}{chapter.5}% 16
\BOOKMARK [2][-]{subsection.5.1.1}{Learning a linear projection}{section.5.1}% 17
\BOOKMARK [1][-]{section.5.2}{Experiments With Real-World Data}{chapter.5}% 18
\BOOKMARK [2][-]{subsection.5.2.1}{Datasets}{section.5.2}% 19
\BOOKMARK [2][-]{subsection.5.2.2}{Experimental Protocol}{section.5.2}% 20
\BOOKMARK [2][-]{subsection.5.2.3}{Implementation Details}{section.5.2}% 21
\BOOKMARK [2][-]{subsection.5.2.4}{Results}{section.5.2}% 22
\BOOKMARK [2][-]{subsection.5.2.5}{General Details}{section.5.2}% 23
\BOOKMARK [2][-]{subsection.5.2.6}{CUB Dataset}{section.5.2}% 24
\BOOKMARK [2][-]{subsection.5.2.7}{Stanford Cars Dataset}{section.5.2}% 25
\BOOKMARK [2][-]{subsection.5.2.8}{Ablation Studies}{section.5.2}% 26
\BOOKMARK [0][-]{chapter.6}{Discussion}{}% 27
